<?xml version="1.0" encoding="UTF-8"?>
<!-- Generated by org.testng.reporters.JUnitXMLReporter -->
<testsuite ignored="0" hostname="DESKTOP-20DEPKN" failures="0" tests="2" name="ChromeDriverTest" time="40.831" errors="0" timestamp="2022-05-28T08:19:47 IST">
  <testcase classname="com.SauceDemo.TestClasses.TC001LoginFunctionalityWithTestNG" name="verifyLoginFunctionality" time="0.018"/>
  <testcase classname="com.SauceDemo.TestClasses.TC006SingleProductTestNG" name="singleProductAddToCard" time="2.603"/>
</testsuite> <!-- ChromeDriverTest -->
